<?xml version="1.0" encoding="UTF-8"?>
<!-- Generated by org.testng.reporters.JUnitReportReporter -->
<testsuite hostname="DESKTOP-4A6VTUP" failures="0" tests="1" name="mavenforjenkins.JenkinswithParameters" time="8.566" errors="0" timestamp="2022-03-10T08:59:27 IST" skipped="0">
  <testcase classname="mavenforjenkins.JenkinswithParameters" name="startBrowserWithParameter" time="8.566"/>
  <system-out/>
</testsuite> <!-- mavenforjenkins.JenkinswithParameters -->
